  [1m[35m (54.4ms)[0m  [1m[35mCREATE TABLE "schema_migrations" ("version" varchar NOT NULL PRIMARY KEY)[0m
  [1m[35m (72.4ms)[0m  [1m[35mCREATE TABLE "ar_internal_metadata" ("key" varchar NOT NULL PRIMARY KEY, "value" varchar, "created_at" datetime NOT NULL, "updated_at" datetime NOT NULL)[0m
  [1m[36mActiveRecord::InternalMetadata Load (0.2ms)[0m  [1m[34mSELECT  "ar_internal_metadata".* FROM "ar_internal_metadata" WHERE "ar_internal_metadata"."key" = ? LIMIT ?[0m  [["key", :environment], ["LIMIT", 1]]
  [1m[35m (0.0ms)[0m  [1m[36mbegin transaction[0m
  [1m[35mSQL (0.2ms)[0m  [1m[32mINSERT INTO "ar_internal_metadata" ("key", "value", "created_at", "updated_at") VALUES (?, ?, ?, ?)[0m  [["key", "environment"], ["value", "development"], ["created_at", 2017-02-20 16:40:08 UTC], ["updated_at", 2017-02-20 16:40:08 UTC]]
  [1m[35m (61.7ms)[0m  [1m[36mcommit transaction[0m
  [1m[36mActiveRecord::SchemaMigration Load (0.1ms)[0m  [1m[34mSELECT "schema_migrations".* FROM "schema_migrations"[0m
  [1m[36mActiveRecord::InternalMetadata Load (0.2ms)[0m  [1m[34mSELECT  "ar_internal_metadata".* FROM "ar_internal_metadata" WHERE "ar_internal_metadata"."key" = ? LIMIT ?[0m  [["key", :environment], ["LIMIT", 1]]
  [1m[35m (0.0ms)[0m  [1m[36mbegin transaction[0m
  [1m[35m (0.0ms)[0m  [1m[36mcommit transaction[0m
  [1m[36mActiveRecord::SchemaMigration Load (0.1ms)[0m  [1m[34mSELECT "schema_migrations".* FROM "schema_migrations"[0m
  [1m[36mActiveRecord::InternalMetadata Load (0.2ms)[0m  [1m[34mSELECT  "ar_internal_metadata".* FROM "ar_internal_metadata" WHERE "ar_internal_metadata"."key" = ? LIMIT ?[0m  [["key", :environment], ["LIMIT", 1]]
  [1m[35m (0.0ms)[0m  [1m[36mbegin transaction[0m
  [1m[35m (0.0ms)[0m  [1m[36mcommit transaction[0m
  [1m[36mActiveRecord::SchemaMigration Load (0.1ms)[0m  [1m[34mSELECT "schema_migrations".* FROM "schema_migrations"[0m
  [1m[36mActiveRecord::SchemaMigration Load (0.1ms)[0m  [1m[34mSELECT "schema_migrations".* FROM "schema_migrations"[0m
Migrating to CreateUsers (20170220165733)
  [1m[35m (0.0ms)[0m  [1m[36mbegin transaction[0m
  [1m[35m (0.9ms)[0m  [1m[35mCREATE TABLE "users" ("id" INTEGER PRIMARY KEY AUTOINCREMENT NOT NULL, "name" varchar, "email" varchar, "created_at" datetime NOT NULL, "updated_at" datetime NOT NULL)[0m
  [1m[35mSQL (0.2ms)[0m  [1m[32mINSERT INTO "schema_migrations" ("version") VALUES (?)[0m  [["version", "20170220165733"]]
  [1m[35m (290.0ms)[0m  [1m[36mcommit transaction[0m
  [1m[36mActiveRecord::InternalMetadata Load (0.2ms)[0m  [1m[34mSELECT  "ar_internal_metadata".* FROM "ar_internal_metadata" WHERE "ar_internal_metadata"."key" = ? LIMIT ?[0m  [["key", :environment], ["LIMIT", 1]]
  [1m[35m (0.0ms)[0m  [1m[36mbegin transaction[0m
  [1m[35m (0.0ms)[0m  [1m[36mcommit transaction[0m
  [1m[36mActiveRecord::SchemaMigration Load (0.1ms)[0m  [1m[34mSELECT "schema_migrations".* FROM "schema_migrations"[0m
Started GET "/" for 127.0.0.1 at 2017-02-20 17:02:54 +0000
  [1m[36mActiveRecord::SchemaMigration Load (0.1ms)[0m  [1m[34mSELECT "schema_migrations".* FROM "schema_migrations"[0m
Processing by ApplicationController#hello as HTML
  Rendering html template
  Rendered html template (0.0ms)
Completed 200 OK in 32ms (Views: 15.8ms | ActiveRecord: 0.0ms)


Started GET "/users" for 127.0.0.1 at 2017-02-20 17:03:50 +0000
Processing by UsersController#index as HTML
  Rendering users/index.html.erb within layouts/application
  [1m[36mUser Load (0.2ms)[0m  [1m[34mSELECT "users".* FROM "users"[0m
  Rendered users/index.html.erb within layouts/application (37.2ms)
Completed 200 OK in 1122ms (Views: 1099.8ms | ActiveRecord: 0.4ms)


Started GET "/users" for 127.0.0.1 at 2017-02-20 17:04:18 +0000
Processing by UsersController#index as HTML
  Rendering users/index.html.erb within layouts/application
  [1m[36mUser Load (0.3ms)[0m  [1m[34mSELECT "users".* FROM "users"[0m
  Rendered users/index.html.erb within layouts/application (1.6ms)
Completed 200 OK in 23ms (Views: 21.3ms | ActiveRecord: 0.3ms)


Started GET "/users/new" for 127.0.0.1 at 2017-02-20 17:04:24 +0000
Processing by UsersController#new as HTML
  Rendering users/new.html.erb within layouts/application
  Rendered users/_form.html.erb (112.7ms)
  Rendered users/new.html.erb within layouts/application (114.2ms)
Completed 200 OK in 141ms (Views: 132.3ms | ActiveRecord: 0.7ms)


Started GET "/users/1" for 127.0.0.1 at 2017-02-20 17:04:43 +0000
Processing by UsersController#show as HTML
  Parameters: {"id"=>"1"}
  [1m[36mUser Load (0.2ms)[0m  [1m[34mSELECT  "users".* FROM "users" WHERE "users"."id" = ? LIMIT ?[0m  [["id", 1], ["LIMIT", 1]]
Completed 404 Not Found in 23ms (ActiveRecord: 0.2ms)


  
ActiveRecord::RecordNotFound (Couldn't find User with 'id'=1):
  
app/controllers/users_controller.rb:67:in `set_user'
  Rendering /home/wiremaze/.rvm/gems/ruby-2.2.5/gems/actionpack-5.0.1/lib/action_dispatch/middleware/templates/rescues/diagnostics.html.erb within rescues/layout
  Rendering /home/wiremaze/.rvm/gems/ruby-2.2.5/gems/actionpack-5.0.1/lib/action_dispatch/middleware/templates/rescues/_source.html.erb
  Rendered /home/wiremaze/.rvm/gems/ruby-2.2.5/gems/actionpack-5.0.1/lib/action_dispatch/middleware/templates/rescues/_source.html.erb (6.2ms)
  Rendering /home/wiremaze/.rvm/gems/ruby-2.2.5/gems/actionpack-5.0.1/lib/action_dispatch/middleware/templates/rescues/_trace.html.erb
  Rendered /home/wiremaze/.rvm/gems/ruby-2.2.5/gems/actionpack-5.0.1/lib/action_dispatch/middleware/templates/rescues/_trace.html.erb (2.7ms)
  Rendering /home/wiremaze/.rvm/gems/ruby-2.2.5/gems/actionpack-5.0.1/lib/action_dispatch/middleware/templates/rescues/_request_and_response.html.erb
  Rendered /home/wiremaze/.rvm/gems/ruby-2.2.5/gems/actionpack-5.0.1/lib/action_dispatch/middleware/templates/rescues/_request_and_response.html.erb (1.0ms)
  Rendered /home/wiremaze/.rvm/gems/ruby-2.2.5/gems/actionpack-5.0.1/lib/action_dispatch/middleware/templates/rescues/diagnostics.html.erb within rescues/layout (37.4ms)
  Rendering /home/wiremaze/.rvm/gems/ruby-2.2.5/gems/web-console-3.1.1/lib/web_console/templates/index.html.erb
  Rendered /home/wiremaze/.rvm/gems/ruby-2.2.5/gems/web-console-3.1.1/lib/web_console/templates/_markup.html.erb (0.3ms)
  Rendering /home/wiremaze/.rvm/gems/ruby-2.2.5/gems/web-console-3.1.1/lib/web_console/templates/console.js.erb within layouts/javascript
  Rendering /home/wiremaze/.rvm/gems/ruby-2.2.5/gems/web-console-3.1.1/lib/web_console/templates/_inner_console_markup.html.erb within layouts/inlined_string
  Rendered /home/wiremaze/.rvm/gems/ruby-2.2.5/gems/web-console-3.1.1/lib/web_console/templates/_inner_console_markup.html.erb within layouts/inlined_string (0.3ms)
  Rendering /home/wiremaze/.rvm/gems/ruby-2.2.5/gems/web-console-3.1.1/lib/web_console/templates/_prompt_box_markup.html.erb within layouts/inlined_string
  Rendered /home/wiremaze/.rvm/gems/ruby-2.2.5/gems/web-console-3.1.1/lib/web_console/templates/_prompt_box_markup.html.erb within layouts/inlined_string (0.3ms)
  Rendering /home/wiremaze/.rvm/gems/ruby-2.2.5/gems/web-console-3.1.1/lib/web_console/templates/style.css.erb within layouts/inlined_string
  Rendered /home/wiremaze/.rvm/gems/ruby-2.2.5/gems/web-console-3.1.1/lib/web_console/templates/style.css.erb within layouts/inlined_string (0.3ms)
  Rendered /home/wiremaze/.rvm/gems/ruby-2.2.5/gems/web-console-3.1.1/lib/web_console/templates/console.js.erb within layouts/javascript (43.4ms)
  Rendering /home/wiremaze/.rvm/gems/ruby-2.2.5/gems/web-console-3.1.1/lib/web_console/templates/main.js.erb within layouts/javascript
  Rendered /home/wiremaze/.rvm/gems/ruby-2.2.5/gems/web-console-3.1.1/lib/web_console/templates/main.js.erb within layouts/javascript (0.3ms)
  Rendered /home/wiremaze/.rvm/gems/ruby-2.2.5/gems/web-console-3.1.1/lib/web_console/templates/index.html.erb (59.4ms)
Started POST "/users" for 127.0.0.1 at 2017-02-20 17:08:28 +0000
Processing by UsersController#create as HTML
  Parameters: {"utf8"=>"✓", "authenticity_token"=>"DdH149I5KVKuGjiknh1be+dGB/QR8JD5gzXtdCzU3sv7ivtp0sAUYh/EHPJsD3QEI2jUGiqdrCYV0tLIwf1eBw==", "user"=>{"name"=>"Tiago Filipe", "email"=>"tiagofilipe@example.com"}, "commit"=>"Create User"}
  [1m[35m (0.1ms)[0m  [1m[36mbegin transaction[0m
  [1m[35mSQL (0.8ms)[0m  [1m[32mINSERT INTO "users" ("name", "email", "created_at", "updated_at") VALUES (?, ?, ?, ?)[0m  [["name", "Tiago Filipe"], ["email", "tiagofilipe@example.com"], ["created_at", 2017-02-20 17:08:28 UTC], ["updated_at", 2017-02-20 17:08:28 UTC]]
  [1m[35m (64.3ms)[0m  [1m[36mcommit transaction[0m
Redirected to http://localhost:3000/users/1
Completed 302 Found in 70ms (ActiveRecord: 65.2ms)


Started GET "/users/1" for 127.0.0.1 at 2017-02-20 17:08:28 +0000
Processing by UsersController#show as HTML
  Parameters: {"id"=>"1"}
  [1m[36mUser Load (0.4ms)[0m  [1m[34mSELECT  "users".* FROM "users" WHERE "users"."id" = ? LIMIT ?[0m  [["id", 1], ["LIMIT", 1]]
  Rendering users/show.html.erb within layouts/application
  Rendered users/show.html.erb within layouts/application (1.0ms)
Completed 200 OK in 21ms (Views: 19.1ms | ActiveRecord: 0.4ms)


Started GET "/users/1" for 127.0.0.1 at 2017-02-20 17:16:06 +0000
Processing by UsersController#show as HTML
  Parameters: {"id"=>"1"}
  [1m[36mUser Load (0.4ms)[0m  [1m[34mSELECT  "users".* FROM "users" WHERE "users"."id" = ? LIMIT ?[0m  [["id", 1], ["LIMIT", 1]]
  Rendering users/show.html.erb within layouts/application
  Rendered users/show.html.erb within layouts/application (0.9ms)
Completed 200 OK in 21ms (Views: 18.5ms | ActiveRecord: 0.4ms)


Started GET "/users/1" for 127.0.0.1 at 2017-02-20 17:16:08 +0000
Processing by UsersController#show as HTML
  Parameters: {"id"=>"1"}
  [1m[36mUser Load (0.2ms)[0m  [1m[34mSELECT  "users".* FROM "users" WHERE "users"."id" = ? LIMIT ?[0m  [["id", 1], ["LIMIT", 1]]
  Rendering users/show.html.erb within layouts/application
  Rendered users/show.html.erb within layouts/application (1.0ms)
Completed 200 OK in 21ms (Views: 19.1ms | ActiveRecord: 0.2ms)


Started GET "/users/1/edit" for 127.0.0.1 at 2017-02-20 17:16:20 +0000
Processing by UsersController#edit as HTML
  Parameters: {"id"=>"1"}
  [1m[36mUser Load (0.2ms)[0m  [1m[34mSELECT  "users".* FROM "users" WHERE "users"."id" = ? LIMIT ?[0m  [["id", 1], ["LIMIT", 1]]
  Rendering users/edit.html.erb within layouts/application
  Rendered users/_form.html.erb (3.8ms)
  Rendered users/edit.html.erb within layouts/application (5.4ms)
Completed 200 OK in 38ms (Views: 35.7ms | ActiveRecord: 0.2ms)


Started GET "/users/1" for 127.0.0.1 at 2017-02-20 17:16:24 +0000
Processing by UsersController#show as HTML
  Parameters: {"id"=>"1"}
  [1m[36mUser Load (0.2ms)[0m  [1m[34mSELECT  "users".* FROM "users" WHERE "users"."id" = ? LIMIT ?[0m  [["id", 1], ["LIMIT", 1]]
  Rendering users/show.html.erb within layouts/application
  Rendered users/show.html.erb within layouts/application (1.1ms)
Completed 200 OK in 24ms (Views: 22.3ms | ActiveRecord: 0.2ms)


Started GET "/users/1/edit" for 127.0.0.1 at 2017-02-20 17:16:25 +0000
Processing by UsersController#edit as HTML
  Parameters: {"id"=>"1"}
  [1m[36mUser Load (0.1ms)[0m  [1m[34mSELECT  "users".* FROM "users" WHERE "users"."id" = ? LIMIT ?[0m  [["id", 1], ["LIMIT", 1]]
  Rendering users/edit.html.erb within layouts/application
  Rendered users/_form.html.erb (3.5ms)
  Rendered users/edit.html.erb within layouts/application (5.1ms)
Completed 200 OK in 27ms (Views: 24.9ms | ActiveRecord: 0.1ms)


Started GET "/users" for 127.0.0.1 at 2017-02-20 17:16:25 +0000
Processing by UsersController#index as HTML
  Rendering users/index.html.erb within layouts/application
  [1m[36mUser Load (0.2ms)[0m  [1m[34mSELECT "users".* FROM "users"[0m
  Rendered users/index.html.erb within layouts/application (2.6ms)
Completed 200 OK in 28ms (Views: 26.1ms | ActiveRecord: 0.2ms)


Started GET "/users" for 127.0.0.1 at 2017-02-20 17:16:29 +0000
Processing by UsersController#index as HTML
  Rendering users/index.html.erb within layouts/application
  [1m[36mUser Load (0.2ms)[0m  [1m[34mSELECT "users".* FROM "users"[0m
  Rendered users/index.html.erb within layouts/application (1.8ms)
Completed 200 OK in 21ms (Views: 19.4ms | ActiveRecord: 0.2ms)


Started GET "/users/1" for 127.0.0.1 at 2017-02-20 17:16:33 +0000
Processing by UsersController#show as HTML
  Parameters: {"id"=>"1"}
  [1m[36mUser Load (0.2ms)[0m  [1m[34mSELECT  "users".* FROM "users" WHERE "users"."id" = ? LIMIT ?[0m  [["id", 1], ["LIMIT", 1]]
  Rendering users/show.html.erb within layouts/application
  Rendered users/show.html.erb within layouts/application (1.0ms)
Completed 200 OK in 21ms (Views: 19.0ms | ActiveRecord: 0.2ms)


Started GET "/users/1/edit" for 127.0.0.1 at 2017-02-20 17:16:36 +0000
Processing by UsersController#edit as HTML
  Parameters: {"id"=>"1"}
  [1m[36mUser Load (0.2ms)[0m  [1m[34mSELECT  "users".* FROM "users" WHERE "users"."id" = ? LIMIT ?[0m  [["id", 1], ["LIMIT", 1]]
  Rendering users/edit.html.erb within layouts/application
  Rendered users/_form.html.erb (3.1ms)
  Rendered users/edit.html.erb within layouts/application (4.4ms)
Completed 200 OK in 25ms (Views: 22.8ms | ActiveRecord: 0.2ms)


Started GET "/users" for 127.0.0.1 at 2017-02-20 17:16:37 +0000
Processing by UsersController#index as HTML
  Rendering users/index.html.erb within layouts/application
  [1m[36mUser Load (0.2ms)[0m  [1m[34mSELECT "users".* FROM "users"[0m
  Rendered users/index.html.erb within layouts/application (2.6ms)
Completed 200 OK in 25ms (Views: 23.3ms | ActiveRecord: 0.2ms)


Started GET "/users/1/EDIT" for 127.0.0.1 at 2017-02-20 17:17:15 +0000
  
ActionController::RoutingError (No route matches [GET] "/users/1/EDIT"):
  
actionpack (5.0.1) lib/action_dispatch/middleware/debug_exceptions.rb:53:in `call'
web-console (3.1.1) lib/web_console/middleware.rb:131:in `call_app'
web-console (3.1.1) lib/web_console/middleware.rb:28:in `block in call'
web-console (3.1.1) lib/web_console/middleware.rb:18:in `catch'
web-console (3.1.1) lib/web_console/middleware.rb:18:in `call'
actionpack (5.0.1) lib/action_dispatch/middleware/show_exceptions.rb:31:in `call'
railties (5.0.1) lib/rails/rack/logger.rb:36:in `call_app'
railties (5.0.1) lib/rails/rack/logger.rb:24:in `block in call'
activesupport (5.0.1) lib/active_support/tagged_logging.rb:69:in `block in tagged'
activesupport (5.0.1) lib/active_support/tagged_logging.rb:26:in `tagged'
activesupport (5.0.1) lib/active_support/tagged_logging.rb:69:in `tagged'
railties (5.0.1) lib/rails/rack/logger.rb:24:in `call'
sprockets-rails (3.2.0) lib/sprockets/rails/quiet_assets.rb:13:in `call'
actionpack (5.0.1) lib/action_dispatch/middleware/request_id.rb:24:in `call'
rack (2.0.1) lib/rack/method_override.rb:22:in `call'
rack (2.0.1) lib/rack/runtime.rb:22:in `call'
activesupport (5.0.1) lib/active_support/cache/strategy/local_cache_middleware.rb:28:in `call'
actionpack (5.0.1) lib/action_dispatch/middleware/executor.rb:12:in `call'
actionpack (5.0.1) lib/action_dispatch/middleware/static.rb:136:in `call'
rack (2.0.1) lib/rack/sendfile.rb:111:in `call'
railties (5.0.1) lib/rails/engine.rb:522:in `call'
puma (3.4.0) lib/puma/configuration.rb:224:in `call'
puma (3.4.0) lib/puma/server.rb:569:in `handle_request'
puma (3.4.0) lib/puma/server.rb:406:in `process_client'
puma (3.4.0) lib/puma/server.rb:271:in `block in run'
puma (3.4.0) lib/puma/thread_pool.rb:114:in `call'
puma (3.4.0) lib/puma/thread_pool.rb:114:in `block in spawn_thread'
  Rendering /home/wiremaze/.rvm/gems/ruby-2.2.5/gems/actionpack-5.0.1/lib/action_dispatch/middleware/templates/rescues/routing_error.html.erb within rescues/layout
  Rendering /home/wiremaze/.rvm/gems/ruby-2.2.5/gems/actionpack-5.0.1/lib/action_dispatch/middleware/templates/rescues/_trace.html.erb
  Rendered /home/wiremaze/.rvm/gems/ruby-2.2.5/gems/actionpack-5.0.1/lib/action_dispatch/middleware/templates/rescues/_trace.html.erb (1.4ms)
  Rendered collection of /home/wiremaze/.rvm/gems/ruby-2.2.5/gems/actionpack-5.0.1/lib/action_dispatch/middleware/templates/routes/_route.html.erb [9 times] (64.2ms)
  Rendered /home/wiremaze/.rvm/gems/ruby-2.2.5/gems/actionpack-5.0.1/lib/action_dispatch/middleware/templates/routes/_table.html.erb (36.1ms)
  Rendering /home/wiremaze/.rvm/gems/ruby-2.2.5/gems/actionpack-5.0.1/lib/action_dispatch/middleware/templates/rescues/_request_and_response.html.erb
  Rendered /home/wiremaze/.rvm/gems/ruby-2.2.5/gems/actionpack-5.0.1/lib/action_dispatch/middleware/templates/rescues/_request_and_response.html.erb (1.1ms)
  Rendered /home/wiremaze/.rvm/gems/ruby-2.2.5/gems/actionpack-5.0.1/lib/action_dispatch/middleware/templates/rescues/routing_error.html.erb within rescues/layout (178.5ms)
  Rendering /home/wiremaze/.rvm/gems/ruby-2.2.5/gems/web-console-3.1.1/lib/web_console/templates/index.html.erb
  Rendered /home/wiremaze/.rvm/gems/ruby-2.2.5/gems/web-console-3.1.1/lib/web_console/templates/_markup.html.erb (0.3ms)
  Rendering /home/wiremaze/.rvm/gems/ruby-2.2.5/gems/web-console-3.1.1/lib/web_console/templates/console.js.erb within layouts/javascript
  Rendering /home/wiremaze/.rvm/gems/ruby-2.2.5/gems/web-console-3.1.1/lib/web_console/templates/_inner_console_markup.html.erb within layouts/inlined_string
  Rendered /home/wiremaze/.rvm/gems/ruby-2.2.5/gems/web-console-3.1.1/lib/web_console/templates/_inner_console_markup.html.erb within layouts/inlined_string (0.2ms)
  Rendering /home/wiremaze/.rvm/gems/ruby-2.2.5/gems/web-console-3.1.1/lib/web_console/templates/_prompt_box_markup.html.erb within layouts/inlined_string
  Rendered /home/wiremaze/.rvm/gems/ruby-2.2.5/gems/web-console-3.1.1/lib/web_console/templates/_prompt_box_markup.html.erb within layouts/inlined_string (0.2ms)
  Rendering /home/wiremaze/.rvm/gems/ruby-2.2.5/gems/web-console-3.1.1/lib/web_console/templates/style.css.erb within layouts/inlined_string
  Rendered /home/wiremaze/.rvm/gems/ruby-2.2.5/gems/web-console-3.1.1/lib/web_console/templates/style.css.erb within layouts/inlined_string (0.2ms)
  Rendered /home/wiremaze/.rvm/gems/ruby-2.2.5/gems/web-console-3.1.1/lib/web_console/templates/console.js.erb within layouts/javascript (17.6ms)
  Rendering /home/wiremaze/.rvm/gems/ruby-2.2.5/gems/web-console-3.1.1/lib/web_console/templates/main.js.erb within layouts/javascript
  Rendered /home/wiremaze/.rvm/gems/ruby-2.2.5/gems/web-console-3.1.1/lib/web_console/templates/main.js.erb within layouts/javascript (0.2ms)
  Rendered /home/wiremaze/.rvm/gems/ruby-2.2.5/gems/web-console-3.1.1/lib/web_console/templates/index.html.erb (30.8ms)
Started GET "/users/1/edit" for 127.0.0.1 at 2017-02-20 17:17:18 +0000
Processing by UsersController#edit as HTML
  Parameters: {"id"=>"1"}
  [1m[36mUser Load (0.3ms)[0m  [1m[34mSELECT  "users".* FROM "users" WHERE "users"."id" = ? LIMIT ?[0m  [["id", 1], ["LIMIT", 1]]
  Rendering users/edit.html.erb within layouts/application
  Rendered users/_form.html.erb (2.5ms)
  Rendered users/edit.html.erb within layouts/application (3.9ms)
Completed 200 OK in 23ms (Views: 20.7ms | ActiveRecord: 0.3ms)


Started GET "/users" for 127.0.0.1 at 2017-02-20 17:19:10 +0000
Processing by UsersController#index as HTML
  Rendering users/index.html.erb within layouts/application
  [1m[36mUser Load (0.2ms)[0m  [1m[34mSELECT "users".* FROM "users"[0m
  Rendered users/index.html.erb within layouts/application (1.9ms)
Completed 200 OK in 24ms (Views: 22.2ms | ActiveRecord: 0.2ms)


Started GET "/users/new" for 127.0.0.1 at 2017-02-20 17:19:11 +0000
Processing by UsersController#new as HTML
  Rendering users/new.html.erb within layouts/application
  Rendered users/_form.html.erb (2.3ms)
  Rendered users/new.html.erb within layouts/application (3.5ms)
Completed 200 OK in 31ms (Views: 29.6ms | ActiveRecord: 0.0ms)


Started POST "/users" for 127.0.0.1 at 2017-02-20 17:19:34 +0000
Processing by UsersController#create as HTML
  Parameters: {"utf8"=>"✓", "authenticity_token"=>"2+iL/hA9Pr5ezmTzAO3aenCdqI5eDIg2YxgIYcqN31ay9Klx1Mi1gjdgh+OV3COahMRdrAxAPNSlTAtrGS7COA==", "user"=>{"name"=>"Foo Bar", "email"=>"foo@bar.com"}, "commit"=>"Create User"}
  [1m[35m (0.1ms)[0m  [1m[36mbegin transaction[0m
  [1m[35mSQL (0.3ms)[0m  [1m[32mINSERT INTO "users" ("name", "email", "created_at", "updated_at") VALUES (?, ?, ?, ?)[0m  [["name", "Foo Bar"], ["email", "foo@bar.com"], ["created_at", 2017-02-20 17:19:34 UTC], ["updated_at", 2017-02-20 17:19:34 UTC]]
  [1m[35m (78.7ms)[0m  [1m[36mcommit transaction[0m
Redirected to http://localhost:3000/users/2
Completed 302 Found in 84ms (ActiveRecord: 79.1ms)


Started GET "/users/2" for 127.0.0.1 at 2017-02-20 17:19:34 +0000
Processing by UsersController#show as HTML
  Parameters: {"id"=>"2"}
  [1m[36mUser Load (0.2ms)[0m  [1m[34mSELECT  "users".* FROM "users" WHERE "users"."id" = ? LIMIT ?[0m  [["id", 2], ["LIMIT", 1]]
  Rendering users/show.html.erb within layouts/application
  Rendered users/show.html.erb within layouts/application (1.0ms)
Completed 200 OK in 24ms (Views: 21.5ms | ActiveRecord: 0.2ms)


Started GET "/users" for 127.0.0.1 at 2017-02-20 17:19:39 +0000
Processing by UsersController#index as HTML
  Rendering users/index.html.erb within layouts/application
  [1m[36mUser Load (0.2ms)[0m  [1m[34mSELECT "users".* FROM "users"[0m
  Rendered users/index.html.erb within layouts/application (2.0ms)
Completed 200 OK in 22ms (Views: 20.8ms | ActiveRecord: 0.2ms)


Started DELETE "/users/2" for 127.0.0.1 at 2017-02-20 17:20:13 +0000
Processing by UsersController#destroy as HTML
  Parameters: {"authenticity_token"=>"k4X0FQpSWpD/WU2G18Gw3LpylMbQzBtG2zNE+G34xjtl3vqfCqtnoE6HadAl05+jflxHKOuhJ5lN1HtEgNFG9w==", "id"=>"2"}
  [1m[36mUser Load (0.2ms)[0m  [1m[34mSELECT  "users".* FROM "users" WHERE "users"."id" = ? LIMIT ?[0m  [["id", 2], ["LIMIT", 1]]
  [1m[35m (0.1ms)[0m  [1m[36mbegin transaction[0m
  [1m[35mSQL (0.9ms)[0m  [1m[31mDELETE FROM "users" WHERE "users"."id" = ?[0m  [["id", 2]]
  [1m[35m (59.9ms)[0m  [1m[36mcommit transaction[0m
Redirected to http://localhost:3000/users
Completed 302 Found in 65ms (ActiveRecord: 61.0ms)


Started GET "/users" for 127.0.0.1 at 2017-02-20 17:20:13 +0000
Processing by UsersController#index as HTML
  Rendering users/index.html.erb within layouts/application
  [1m[36mUser Load (0.2ms)[0m  [1m[34mSELECT "users".* FROM "users"[0m
  Rendered users/index.html.erb within layouts/application (2.2ms)
Completed 200 OK in 24ms (Views: 22.3ms | ActiveRecord: 0.2ms)


Started GET "/users/new" for 127.0.0.1 at 2017-02-20 17:20:44 +0000
Processing by UsersController#new as HTML
  Rendering users/new.html.erb within layouts/application
  Rendered users/_form.html.erb (2.2ms)
  Rendered users/new.html.erb within layouts/application (3.3ms)
Completed 200 OK in 21ms (Views: 20.2ms | ActiveRecord: 0.0ms)


Started POST "/users" for 127.0.0.1 at 2017-02-20 17:20:46 +0000
Processing by UsersController#create as HTML
  Parameters: {"utf8"=>"✓", "authenticity_token"=>"0GY76DWL+smmybiAzpfEBaiZ0BvtfiPEImNyGbzqKg25ehln8X5x9c9nW5Bbpj3lXMAlOb8ylybkN3ETb0k3Yw==", "user"=>{"name"=>"sad", "email"=>""}, "commit"=>"Create User"}
  [1m[35m (0.1ms)[0m  [1m[36mbegin transaction[0m
  [1m[35mSQL (1.0ms)[0m  [1m[32mINSERT INTO "users" ("name", "email", "created_at", "updated_at") VALUES (?, ?, ?, ?)[0m  [["name", "sad"], ["email", ""], ["created_at", 2017-02-20 17:20:46 UTC], ["updated_at", 2017-02-20 17:20:46 UTC]]
  [1m[35m (103.3ms)[0m  [1m[36mcommit transaction[0m
Redirected to http://localhost:3000/users/3
Completed 302 Found in 108ms (ActiveRecord: 104.4ms)


Started GET "/users/3" for 127.0.0.1 at 2017-02-20 17:20:47 +0000
Processing by UsersController#show as HTML
  Parameters: {"id"=>"3"}
  [1m[36mUser Load (0.1ms)[0m  [1m[34mSELECT  "users".* FROM "users" WHERE "users"."id" = ? LIMIT ?[0m  [["id", 3], ["LIMIT", 1]]
  Rendering users/show.html.erb within layouts/application
  Rendered users/show.html.erb within layouts/application (1.1ms)
Completed 200 OK in 22ms (Views: 20.7ms | ActiveRecord: 0.1ms)


Started GET "/users" for 127.0.0.1 at 2017-02-20 17:20:49 +0000
Processing by UsersController#index as HTML
  Rendering users/index.html.erb within layouts/application
  [1m[36mUser Load (0.2ms)[0m  [1m[34mSELECT "users".* FROM "users"[0m
  Rendered users/index.html.erb within layouts/application (2.6ms)
Completed 200 OK in 25ms (Views: 23.9ms | ActiveRecord: 0.2ms)


Started GET "/users/3" for 127.0.0.1 at 2017-02-20 17:20:51 +0000
Processing by UsersController#show as HTML
  Parameters: {"id"=>"3"}
  [1m[36mUser Load (0.2ms)[0m  [1m[34mSELECT  "users".* FROM "users" WHERE "users"."id" = ? LIMIT ?[0m  [["id", 3], ["LIMIT", 1]]
  Rendering users/show.html.erb within layouts/application
  Rendered users/show.html.erb within layouts/application (0.8ms)
Completed 200 OK in 21ms (Views: 18.7ms | ActiveRecord: 0.2ms)


Started GET "/users/3/edit" for 127.0.0.1 at 2017-02-20 17:20:52 +0000
Processing by UsersController#edit as HTML
  Parameters: {"id"=>"3"}
  [1m[36mUser Load (0.1ms)[0m  [1m[34mSELECT  "users".* FROM "users" WHERE "users"."id" = ? LIMIT ?[0m  [["id", 3], ["LIMIT", 1]]
  Rendering users/edit.html.erb within layouts/application
  Rendered users/_form.html.erb (3.0ms)
  Rendered users/edit.html.erb within layouts/application (4.4ms)
Completed 200 OK in 26ms (Views: 24.3ms | ActiveRecord: 0.1ms)


Started GET "/users" for 127.0.0.1 at 2017-02-20 17:20:54 +0000
Processing by UsersController#index as HTML
  Rendering users/index.html.erb within layouts/application
  [1m[36mUser Load (0.2ms)[0m  [1m[34mSELECT "users".* FROM "users"[0m
  Rendered users/index.html.erb within layouts/application (2.6ms)
Completed 200 OK in 22ms (Views: 20.0ms | ActiveRecord: 0.2ms)


Started DELETE "/users/3" for 127.0.0.1 at 2017-02-20 17:20:56 +0000
Processing by UsersController#destroy as HTML
  Parameters: {"authenticity_token"=>"bI9K9NBvqhMWFMPizsAgdIYf3hVVkI0E0XGLBRFSFI2a1ER+0JaXI6fK57Q80g8LQjEN+279sdtHlrS5/HuUQQ==", "id"=>"3"}
  [1m[36mUser Load (0.1ms)[0m  [1m[34mSELECT  "users".* FROM "users" WHERE "users"."id" = ? LIMIT ?[0m  [["id", 3], ["LIMIT", 1]]
  [1m[35m (0.1ms)[0m  [1m[36mbegin transaction[0m
  [1m[35mSQL (0.2ms)[0m  [1m[31mDELETE FROM "users" WHERE "users"."id" = ?[0m  [["id", 3]]
  [1m[35m (53.7ms)[0m  [1m[36mcommit transaction[0m
Redirected to http://localhost:3000/users
Completed 302 Found in 59ms (ActiveRecord: 54.1ms)


Started GET "/users" for 127.0.0.1 at 2017-02-20 17:20:56 +0000
Processing by UsersController#index as HTML
  Rendering users/index.html.erb within layouts/application
  [1m[36mUser Load (0.3ms)[0m  [1m[34mSELECT "users".* FROM "users"[0m
  Rendered users/index.html.erb within layouts/application (2.1ms)
Completed 200 OK in 21ms (Views: 19.7ms | ActiveRecord: 0.3ms)


Started GET "/users/new" for 127.0.0.1 at 2017-02-20 17:21:02 +0000
Processing by UsersController#new as HTML
  Rendering users/new.html.erb within layouts/application
  Rendered users/_form.html.erb (2.1ms)
  Rendered users/new.html.erb within layouts/application (3.0ms)
Completed 200 OK in 31ms (Views: 29.8ms | ActiveRecord: 0.0ms)


Started POST "/users" for 127.0.0.1 at 2017-02-20 17:21:06 +0000
Processing by UsersController#create as HTML
  Parameters: {"utf8"=>"✓", "authenticity_token"=>"lknmuGyEo6lAwOVqpuxP5WKZ92/sxkqUw1ph+zlPmWf/VcQ3qHEolSluBnoz3bYFlsACTb6K/nYFDmLx6uyECQ==", "user"=>{"name"=>"qwe", "email"=>"dadsdsad"}, "commit"=>"Create User"}
  [1m[35m (0.1ms)[0m  [1m[36mbegin transaction[0m
  [1m[35mSQL (1.0ms)[0m  [1m[32mINSERT INTO "users" ("name", "email", "created_at", "updated_at") VALUES (?, ?, ?, ?)[0m  [["name", "qwe"], ["email", "dadsdsad"], ["created_at", 2017-02-20 17:21:06 UTC], ["updated_at", 2017-02-20 17:21:06 UTC]]
  [1m[35m (92.4ms)[0m  [1m[36mcommit transaction[0m
Redirected to http://localhost:3000/users/4
Completed 302 Found in 99ms (ActiveRecord: 93.5ms)


Started GET "/users/4" for 127.0.0.1 at 2017-02-20 17:21:06 +0000
Processing by UsersController#show as HTML
  Parameters: {"id"=>"4"}
  [1m[36mUser Load (0.1ms)[0m  [1m[34mSELECT  "users".* FROM "users" WHERE "users"."id" = ? LIMIT ?[0m  [["id", 4], ["LIMIT", 1]]
  Rendering users/show.html.erb within layouts/application
  Rendered users/show.html.erb within layouts/application (1.0ms)
Completed 200 OK in 23ms (Views: 20.4ms | ActiveRecord: 0.1ms)


Started GET "/users/4/edit" for 127.0.0.1 at 2017-02-20 17:21:07 +0000
Processing by UsersController#edit as HTML
  Parameters: {"id"=>"4"}
  [1m[36mUser Load (0.1ms)[0m  [1m[34mSELECT  "users".* FROM "users" WHERE "users"."id" = ? LIMIT ?[0m  [["id", 4], ["LIMIT", 1]]
  Rendering users/edit.html.erb within layouts/application
  Rendered users/_form.html.erb (2.3ms)
  Rendered users/edit.html.erb within layouts/application (3.4ms)
Completed 200 OK in 22ms (Views: 20.4ms | ActiveRecord: 0.1ms)


Started GET "/users" for 127.0.0.1 at 2017-02-20 17:21:08 +0000
Processing by UsersController#index as HTML
  Rendering users/index.html.erb within layouts/application
  [1m[36mUser Load (0.2ms)[0m  [1m[34mSELECT "users".* FROM "users"[0m
  Rendered users/index.html.erb within layouts/application (2.1ms)
Completed 200 OK in 22ms (Views: 20.4ms | ActiveRecord: 0.2ms)


Started DELETE "/users/4" for 127.0.0.1 at 2017-02-20 17:21:11 +0000
Processing by UsersController#destroy as HTML
  Parameters: {"authenticity_token"=>"iZPEr6hah4ifmBTWieiRrZdnC+9DaESsXo6b60lV4uV/yMolqKO6uC5GMIB7+r7SU0nYAXgFeHPIaaRXpHxiKQ==", "id"=>"4"}
  [1m[36mUser Load (0.1ms)[0m  [1m[34mSELECT  "users".* FROM "users" WHERE "users"."id" = ? LIMIT ?[0m  [["id", 4], ["LIMIT", 1]]
  [1m[35m (0.1ms)[0m  [1m[36mbegin transaction[0m
  [1m[35mSQL (0.2ms)[0m  [1m[31mDELETE FROM "users" WHERE "users"."id" = ?[0m  [["id", 4]]
  [1m[35m (59.3ms)[0m  [1m[36mcommit transaction[0m
Redirected to http://localhost:3000/users
Completed 302 Found in 64ms (ActiveRecord: 59.7ms)


Started GET "/users" for 127.0.0.1 at 2017-02-20 17:21:11 +0000
Processing by UsersController#index as HTML
  Rendering users/index.html.erb within layouts/application
  [1m[36mUser Load (0.2ms)[0m  [1m[34mSELECT "users".* FROM "users"[0m
  Rendered users/index.html.erb within layouts/application (1.7ms)
Completed 200 OK in 20ms (Views: 18.8ms | ActiveRecord: 0.2ms)


Started GET "/" for 127.0.0.1 at 2017-02-20 17:31:08 +0000
Processing by ApplicationController#hello as HTML
  Rendering html template
  Rendered html template (0.0ms)
Completed 200 OK in 1ms (Views: 0.4ms | ActiveRecord: 0.0ms)


Started GET "/" for 127.0.0.1 at 2017-02-20 17:31:19 +0000
Processing by UsersController#index as HTML
  Rendering users/index.html.erb within layouts/application
  [1m[36mUser Load (0.3ms)[0m  [1m[34mSELECT "users".* FROM "users"[0m
  Rendered users/index.html.erb within layouts/application (9.5ms)
Completed 200 OK in 31ms (Views: 25.8ms | ActiveRecord: 0.8ms)


  [1m[36mActiveRecord::SchemaMigration Load (0.1ms)[0m  [1m[34mSELECT "schema_migrations".* FROM "schema_migrations"[0m
Migrating to CreateMicroposts (20170220174953)
  [1m[35m (0.0ms)[0m  [1m[36mbegin transaction[0m
  [1m[35m (0.8ms)[0m  [1m[35mCREATE TABLE "microposts" ("id" INTEGER PRIMARY KEY AUTOINCREMENT NOT NULL, "content" text, "user_id" integer, "created_at" datetime NOT NULL, "updated_at" datetime NOT NULL)[0m
  [1m[35mSQL (0.1ms)[0m  [1m[32mINSERT INTO "schema_migrations" ("version") VALUES (?)[0m  [["version", "20170220174953"]]
  [1m[35m (54.5ms)[0m  [1m[36mcommit transaction[0m
  [1m[36mActiveRecord::InternalMetadata Load (0.2ms)[0m  [1m[34mSELECT  "ar_internal_metadata".* FROM "ar_internal_metadata" WHERE "ar_internal_metadata"."key" = ? LIMIT ?[0m  [["key", :environment], ["LIMIT", 1]]
  [1m[35m (0.0ms)[0m  [1m[36mbegin transaction[0m
  [1m[35m (0.1ms)[0m  [1m[36mcommit transaction[0m
  [1m[36mActiveRecord::SchemaMigration Load (0.1ms)[0m  [1m[34mSELECT "schema_migrations".* FROM "schema_migrations"[0m
Started GET "/microposts" for 127.0.0.1 at 2017-02-20 17:51:37 +0000
  [1m[36mActiveRecord::SchemaMigration Load (0.1ms)[0m  [1m[34mSELECT "schema_migrations".* FROM "schema_migrations"[0m
Processing by MicropostsController#index as HTML
  Rendering microposts/index.html.erb within layouts/application
  [1m[36mMicropost Load (0.2ms)[0m  [1m[34mSELECT "microposts".* FROM "microposts"[0m
  Rendered microposts/index.html.erb within layouts/application (2.3ms)
Completed 200 OK in 89ms (Views: 85.6ms | ActiveRecord: 0.4ms)


Started GET "/microposts/new" for 127.0.0.1 at 2017-02-20 17:51:39 +0000
Processing by MicropostsController#new as HTML
  Rendering microposts/new.html.erb within layouts/application
  Rendered microposts/_form.html.erb (19.1ms)
  Rendered microposts/new.html.erb within layouts/application (20.3ms)
Completed 200 OK in 48ms (Views: 41.4ms | ActiveRecord: 0.7ms)


Started POST "/microposts" for 127.0.0.1 at 2017-02-20 17:51:54 +0000
Processing by MicropostsController#create as HTML
  Parameters: {"utf8"=>"✓", "authenticity_token"=>"8BvGxVi78OthN7xSWTJsvqUDekg2cwpliEE8E3Ats3v18YM7BQL6QXTwcJB5exwAl9dUcXFDFeGOw5uTqZ+iGg==", "micropost"=>{"content"=>"hello", "user_id"=>"1"}, "commit"=>"Create Micropost"}
  [1m[35m (0.1ms)[0m  [1m[36mbegin transaction[0m
  [1m[35mSQL (0.3ms)[0m  [1m[32mINSERT INTO "microposts" ("content", "user_id", "created_at", "updated_at") VALUES (?, ?, ?, ?)[0m  [["content", "hello"], ["user_id", 1], ["created_at", 2017-02-20 17:51:54 UTC], ["updated_at", 2017-02-20 17:51:54 UTC]]
  [1m[35m (59.2ms)[0m  [1m[36mcommit transaction[0m
Redirected to http://localhost:3000/microposts/1
Completed 302 Found in 65ms (ActiveRecord: 59.6ms)


Started GET "/microposts/1" for 127.0.0.1 at 2017-02-20 17:51:54 +0000
Processing by MicropostsController#show as HTML
  Parameters: {"id"=>"1"}
  [1m[36mMicropost Load (0.2ms)[0m  [1m[34mSELECT  "microposts".* FROM "microposts" WHERE "microposts"."id" = ? LIMIT ?[0m  [["id", 1], ["LIMIT", 1]]
  Rendering microposts/show.html.erb within layouts/application
  Rendered microposts/show.html.erb within layouts/application (1.1ms)
Completed 200 OK in 25ms (Views: 21.9ms | ActiveRecord: 0.2ms)


Started GET "/microposts/1/edit" for 127.0.0.1 at 2017-02-20 17:51:58 +0000
Processing by MicropostsController#edit as HTML
  Parameters: {"id"=>"1"}
  [1m[36mMicropost Load (0.2ms)[0m  [1m[34mSELECT  "microposts".* FROM "microposts" WHERE "microposts"."id" = ? LIMIT ?[0m  [["id", 1], ["LIMIT", 1]]
  Rendering microposts/edit.html.erb within layouts/application
  Rendered microposts/_form.html.erb (3.0ms)
  Rendered microposts/edit.html.erb within layouts/application (4.4ms)
Completed 200 OK in 27ms (Views: 25.4ms | ActiveRecord: 0.2ms)


Started PATCH "/microposts/1" for 127.0.0.1 at 2017-02-20 17:52:03 +0000
Processing by MicropostsController#update as HTML
  Parameters: {"utf8"=>"✓", "authenticity_token"=>"e2hbU/rA0hQww6RSKvDY0QB/1aJR6asE8rZSRkA0Pj9cW18bMXf9BP45EEC9pUv3HLThNTAYqqlMOywo5A3Krw==", "micropost"=>{"content"=>"hello", "user_id"=>"4"}, "commit"=>"Update Micropost", "id"=>"1"}
  [1m[36mMicropost Load (0.1ms)[0m  [1m[34mSELECT  "microposts".* FROM "microposts" WHERE "microposts"."id" = ? LIMIT ?[0m  [["id", 1], ["LIMIT", 1]]
  [1m[35m (0.1ms)[0m  [1m[36mbegin transaction[0m
  [1m[35mSQL (0.9ms)[0m  [1m[33mUPDATE "microposts" SET "user_id" = ?, "updated_at" = ? WHERE "microposts"."id" = ?[0m  [["user_id", 4], ["updated_at", 2017-02-20 17:52:03 UTC], ["id", 1]]
  [1m[35m (71.2ms)[0m  [1m[36mcommit transaction[0m
Redirected to http://localhost:3000/microposts/1
Completed 302 Found in 78ms (ActiveRecord: 72.3ms)


Started GET "/microposts/1" for 127.0.0.1 at 2017-02-20 17:52:03 +0000
Processing by MicropostsController#show as HTML
  Parameters: {"id"=>"1"}
  [1m[36mMicropost Load (0.1ms)[0m  [1m[34mSELECT  "microposts".* FROM "microposts" WHERE "microposts"."id" = ? LIMIT ?[0m  [["id", 1], ["LIMIT", 1]]
  Rendering microposts/show.html.erb within layouts/application
  Rendered microposts/show.html.erb within layouts/application (1.2ms)
Completed 200 OK in 25ms (Views: 23.5ms | ActiveRecord: 0.1ms)


Started GET "/microposts" for 127.0.0.1 at 2017-02-20 17:52:03 +0000
Processing by MicropostsController#index as HTML
  Rendering microposts/index.html.erb within layouts/application
  [1m[36mMicropost Load (0.2ms)[0m  [1m[34mSELECT "microposts".* FROM "microposts"[0m
  Rendered microposts/index.html.erb within layouts/application (2.0ms)
Completed 200 OK in 24ms (Views: 22.3ms | ActiveRecord: 0.2ms)


Started DELETE "/microposts/1" for 127.0.0.1 at 2017-02-20 17:52:06 +0000
Processing by MicropostsController#destroy as HTML
  Parameters: {"authenticity_token"=>"X0MS7lyQd/lqR+tM8jxeaDvFcz0sXCPKI8vyO38RxICpGBxkXGlKyduZzxoALnEX/+ug0xcxHxW1LM2HkjhETA==", "id"=>"1"}
  [1m[36mMicropost Load (0.1ms)[0m  [1m[34mSELECT  "microposts".* FROM "microposts" WHERE "microposts"."id" = ? LIMIT ?[0m  [["id", 1], ["LIMIT", 1]]
  [1m[35m (0.1ms)[0m  [1m[36mbegin transaction[0m
  [1m[35mSQL (0.2ms)[0m  [1m[31mDELETE FROM "microposts" WHERE "microposts"."id" = ?[0m  [["id", 1]]
  [1m[35m (48.2ms)[0m  [1m[36mcommit transaction[0m
Redirected to http://localhost:3000/microposts
Completed 302 Found in 53ms (ActiveRecord: 48.6ms)


Started GET "/microposts" for 127.0.0.1 at 2017-02-20 17:52:06 +0000
Processing by MicropostsController#index as HTML
  Rendering microposts/index.html.erb within layouts/application
  [1m[36mMicropost Load (0.2ms)[0m  [1m[34mSELECT "microposts".* FROM "microposts"[0m
  Rendered microposts/index.html.erb within layouts/application (1.7ms)
Completed 200 OK in 24ms (Views: 22.6ms | ActiveRecord: 0.2ms)


Started GET "/microposts/new" for 127.0.0.1 at 2017-02-20 17:56:24 +0000
Processing by MicropostsController#new as HTML
  Rendering microposts/new.html.erb within layouts/application
  Rendered microposts/_form.html.erb (2.6ms)
  Rendered microposts/new.html.erb within layouts/application (3.7ms)
Completed 200 OK in 24ms (Views: 22.8ms | ActiveRecord: 0.0ms)


Started POST "/microposts" for 127.0.0.1 at 2017-02-20 17:56:42 +0000
Processing by MicropostsController#create as HTML
  Parameters: {"utf8"=>"✓", "authenticity_token"=>"3k+eBd6E67yKavUx9UOf1QHu4X9ZUsVDHNOGxd7Y/Fbbpdv7gz3hFp+tOfPVCu9rMzrPRh5i2scaUSFFB2rtNw==", "micropost"=>{"content"=>"Meu primeiro micropost", "user_id"=>"1"}, "commit"=>"Create Micropost"}
  [1m[35m (0.1ms)[0m  [1m[36mbegin transaction[0m
  [1m[35mSQL (0.7ms)[0m  [1m[32mINSERT INTO "microposts" ("content", "user_id", "created_at", "updated_at") VALUES (?, ?, ?, ?)[0m  [["content", "Meu primeiro micropost"], ["user_id", 1], ["created_at", 2017-02-20 17:56:42 UTC], ["updated_at", 2017-02-20 17:56:42 UTC]]
  [1m[35m (71.7ms)[0m  [1m[36mcommit transaction[0m
Redirected to http://localhost:3000/microposts/2
Completed 302 Found in 76ms (ActiveRecord: 72.5ms)


Started GET "/microposts/2" for 127.0.0.1 at 2017-02-20 17:56:42 +0000
Processing by MicropostsController#show as HTML
  Parameters: {"id"=>"2"}
  [1m[36mMicropost Load (0.1ms)[0m  [1m[34mSELECT  "microposts".* FROM "microposts" WHERE "microposts"."id" = ? LIMIT ?[0m  [["id", 2], ["LIMIT", 1]]
  Rendering microposts/show.html.erb within layouts/application
  Rendered microposts/show.html.erb within layouts/application (0.9ms)
Completed 200 OK in 24ms (Views: 22.0ms | ActiveRecord: 0.1ms)


Started GET "/microposts" for 127.0.0.1 at 2017-02-20 17:56:44 +0000
Processing by MicropostsController#index as HTML
  Rendering microposts/index.html.erb within layouts/application
  [1m[36mMicropost Load (0.2ms)[0m  [1m[34mSELECT "microposts".* FROM "microposts"[0m
  Rendered microposts/index.html.erb within layouts/application (2.2ms)
Completed 200 OK in 24ms (Views: 22.1ms | ActiveRecord: 0.2ms)


Started GET "/microposts/new" for 127.0.0.1 at 2017-02-20 17:56:45 +0000
Processing by MicropostsController#new as HTML
  Rendering microposts/new.html.erb within layouts/application
  Rendered microposts/_form.html.erb (13.1ms)
  Rendered microposts/new.html.erb within layouts/application (14.3ms)
Completed 200 OK in 35ms (Views: 33.7ms | ActiveRecord: 0.0ms)


Started POST "/microposts" for 127.0.0.1 at 2017-02-20 17:57:01 +0000
Processing by MicropostsController#create as HTML
  Parameters: {"utf8"=>"✓", "authenticity_token"=>"R6s0l11PoICDYAwhLYDp87tT+j1qTJb62BSM11TkaxhCQXFpAPaqKpanwOMNyZlNiYfUBC18iX7elitXjVZ6eQ==", "micropost"=>{"content"=>"O meu segundo micropost  :)", "user_id"=>"1"}, "commit"=>"Create Micropost"}
  [1m[35m (0.1ms)[0m  [1m[36mbegin transaction[0m
  [1m[35mSQL (0.9ms)[0m  [1m[32mINSERT INTO "microposts" ("content", "user_id", "created_at", "updated_at") VALUES (?, ?, ?, ?)[0m  [["content", "O meu segundo micropost  :)"], ["user_id", 1], ["created_at", 2017-02-20 17:57:01 UTC], ["updated_at", 2017-02-20 17:57:01 UTC]]
  [1m[35m (49.4ms)[0m  [1m[36mcommit transaction[0m
Redirected to http://localhost:3000/microposts/3
Completed 302 Found in 55ms (ActiveRecord: 50.3ms)


Started GET "/microposts/3" for 127.0.0.1 at 2017-02-20 17:57:01 +0000
Processing by MicropostsController#show as HTML
  Parameters: {"id"=>"3"}
  [1m[36mMicropost Load (0.2ms)[0m  [1m[34mSELECT  "microposts".* FROM "microposts" WHERE "microposts"."id" = ? LIMIT ?[0m  [["id", 3], ["LIMIT", 1]]
  Rendering microposts/show.html.erb within layouts/application
  Rendered microposts/show.html.erb within layouts/application (0.8ms)
Completed 200 OK in 21ms (Views: 19.2ms | ActiveRecord: 0.2ms)


Started GET "/microposts" for 127.0.0.1 at 2017-02-20 17:57:03 +0000
Processing by MicropostsController#index as HTML
  Rendering microposts/index.html.erb within layouts/application
  [1m[36mMicropost Load (0.2ms)[0m  [1m[34mSELECT "microposts".* FROM "microposts"[0m
  Rendered microposts/index.html.erb within layouts/application (2.5ms)
Completed 200 OK in 27ms (Views: 25.7ms | ActiveRecord: 0.2ms)


Started GET "/microposts/new" for 127.0.0.1 at 2017-02-20 18:00:07 +0000
Processing by MicropostsController#new as HTML
  Rendering microposts/new.html.erb within layouts/application
  Rendered microposts/_form.html.erb (2.5ms)
  Rendered microposts/new.html.erb within layouts/application (3.4ms)
Completed 200 OK in 30ms (Views: 22.0ms | ActiveRecord: 0.7ms)


Started POST "/microposts" for 127.0.0.1 at 2017-02-20 18:00:09 +0000
Processing by MicropostsController#create as HTML
  Parameters: {"utf8"=>"✓", "authenticity_token"=>"Hhour3L9AI56bEQ4sLsfA3JOSSx3VWWsPrtFxAMx/u0b8GtRL0QKJG+riPqQ8m+9QJpnFTBleig4OeJE2oPvjA==", "micropost"=>{"content"=>"Ruby is a dynamic, reflective, object-oriented, general-purpose programming language. It was designed and developed in the mid-1990s by Yukihiro \"Matz\" Matsumoto in Japan.\r\n\r\nAccording to its creator, Ruby was influenced by Perl, Smalltalk, Eiffel, Ada, and Lisp.[11] It supports multiple programming paradigms, including functional, object-oriented, and imperative. It also has a dynamic type system and automatic memory management.", "user_id"=>"1"}, "commit"=>"Create Micropost"}
  [1m[35m (0.1ms)[0m  [1m[36mbegin transaction[0m
  [1m[35m (0.1ms)[0m  [1m[31mrollback transaction[0m
  Rendering microposts/new.html.erb within layouts/application
  Rendered microposts/_form.html.erb (3.0ms)
  Rendered microposts/new.html.erb within layouts/application (4.2ms)
Completed 200 OK in 31ms (Views: 26.9ms | ActiveRecord: 0.2ms)


Started GET "/microposts" for 127.0.0.1 at 2017-02-20 18:00:19 +0000
Processing by MicropostsController#index as HTML
  Rendering microposts/index.html.erb within layouts/application
  [1m[36mMicropost Load (0.3ms)[0m  [1m[34mSELECT "microposts".* FROM "microposts"[0m
  Rendered microposts/index.html.erb within layouts/application (2.9ms)
Completed 200 OK in 27ms (Views: 25.1ms | ActiveRecord: 0.3ms)


Started GET "/microposts/new" for 127.0.0.1 at 2017-02-20 18:00:43 +0000
Processing by MicropostsController#new as HTML
  Rendering microposts/new.html.erb within layouts/application
  Rendered microposts/_form.html.erb (2.9ms)
  Rendered microposts/new.html.erb within layouts/application (4.2ms)
Completed 200 OK in 29ms (Views: 27.6ms | ActiveRecord: 0.0ms)


Started POST "/microposts" for 127.0.0.1 at 2017-02-20 18:00:46 +0000
Processing by MicropostsController#create as HTML
  Parameters: {"utf8"=>"✓", "authenticity_token"=>"WaqmaiB7wJobqTydjVWlF2pG+h8ecf5/JYnNKyZeM5ZcQOOUfcLKMA5u8F+tHNWpWJLUJllB4fsjC2qr/+wi9w==", "micropost"=>{"content"=>"Ruby is a dynamic, reflective, object-oriented, general-purpose programming language. It was designed and developed in the mid-1990s by Yukihiro \"Matz\" Matsumoto in Japan.\r\n\r\nAccording to its creator, Ruby was influenced by Perl, Smalltalk, Eiffel, Ada, and Lisp.[11] It supports multiple programming paradigms, including functional, object-oriented, and imperative. It also has a dynamic type system and automatic memory management.", "user_id"=>"1"}, "commit"=>"Create Micropost"}
  [1m[35m (0.1ms)[0m  [1m[36mbegin transaction[0m
  [1m[35m (0.1ms)[0m  [1m[31mrollback transaction[0m
  Rendering microposts/new.html.erb within layouts/application
  Rendered microposts/_form.html.erb (2.4ms)
  Rendered microposts/new.html.erb within layouts/application (3.4ms)
Completed 200 OK in 27ms (Views: 24.1ms | ActiveRecord: 0.2ms)


  [1m[36mUser Load (0.2ms)[0m  [1m[34mSELECT  "users".* FROM "users" ORDER BY "users"."id" ASC LIMIT ?[0m  [["LIMIT", 1]]
  [1m[36mUser Load (0.1ms)[0m  [1m[34mSELECT  "users".* FROM "users" ORDER BY "users"."id" ASC LIMIT ?[0m  [["LIMIT", 1]]
  [1m[36mMicropost Load (0.1ms)[0m  [1m[34mSELECT "microposts".* FROM "microposts" WHERE "microposts"."user_id" = ?[0m  [["user_id", 1]]
Started GET "/users/1/" for 127.0.0.1 at 2017-02-20 18:11:02 +0000
Processing by UsersController#show as HTML
  Parameters: {"id"=>"1"}
  [1m[36mUser Load (0.2ms)[0m  [1m[34mSELECT  "users".* FROM "users" WHERE "users"."id" = ? LIMIT ?[0m  [["id", 1], ["LIMIT", 1]]
  Rendering users/show.html.erb within layouts/application
  Rendered users/show.html.erb within layouts/application (0.7ms)
Completed 200 OK in 32ms (Views: 20.1ms | ActiveRecord: 0.9ms)


Started GET "/users/1/" for 127.0.0.1 at 2017-02-20 18:13:14 +0000
Processing by UsersController#show as HTML
  Parameters: {"id"=>"1"}
  [1m[36mUser Load (0.1ms)[0m  [1m[34mSELECT  "users".* FROM "users" WHERE "users"."id" = ? LIMIT ?[0m  [["id", 1], ["LIMIT", 1]]
  Rendering users/show.html.erb within layouts/application
  [1m[36mMicropost Load (0.1ms)[0m  [1m[34mSELECT  "microposts".* FROM "microposts" WHERE "microposts"."user_id" = ? ORDER BY "microposts"."id" ASC LIMIT ?[0m  [["user_id", 1], ["LIMIT", 1]]
  Rendered users/show.html.erb within layouts/application (23.6ms)
Completed 200 OK in 46ms (Views: 43.0ms | ActiveRecord: 0.7ms)


Started GET "/users/1/" for 127.0.0.1 at 2017-02-20 18:13:24 +0000
Processing by UsersController#show as HTML
  Parameters: {"id"=>"1"}
  [1m[36mUser Load (0.4ms)[0m  [1m[34mSELECT  "users".* FROM "users" WHERE "users"."id" = ? LIMIT ?[0m  [["id", 1], ["LIMIT", 1]]
  Rendering users/show.html.erb within layouts/application
  Rendered users/show.html.erb within layouts/application (3.3ms)
Completed 200 OK in 25ms (Views: 22.6ms | ActiveRecord: 0.4ms)


Started GET "/users/1/" for 127.0.0.1 at 2017-02-20 18:13:25 +0000
Processing by UsersController#show as HTML
  Parameters: {"id"=>"1"}
  [1m[36mUser Load (0.2ms)[0m  [1m[34mSELECT  "users".* FROM "users" WHERE "users"."id" = ? LIMIT ?[0m  [["id", 1], ["LIMIT", 1]]
  Rendering users/show.html.erb within layouts/application
  Rendered users/show.html.erb within layouts/application (1.7ms)
Completed 200 OK in 22ms (Views: 20.5ms | ActiveRecord: 0.2ms)


Started GET "/users/1/" for 127.0.0.1 at 2017-02-20 18:13:26 +0000
Processing by UsersController#show as HTML
  Parameters: {"id"=>"1"}
  [1m[36mUser Load (0.1ms)[0m  [1m[34mSELECT  "users".* FROM "users" WHERE "users"."id" = ? LIMIT ?[0m  [["id", 1], ["LIMIT", 1]]
  Rendering users/show.html.erb within layouts/application
  Rendered users/show.html.erb within layouts/application (1.8ms)
Completed 200 OK in 28ms (Views: 25.7ms | ActiveRecord: 0.1ms)


Started GET "/users/1/" for 127.0.0.1 at 2017-02-20 18:13:26 +0000
Processing by UsersController#show as HTML
  Parameters: {"id"=>"1"}
  [1m[36mUser Load (0.4ms)[0m  [1m[34mSELECT  "users".* FROM "users" WHERE "users"."id" = ? LIMIT ?[0m  [["id", 1], ["LIMIT", 1]]
  Rendering users/show.html.erb within layouts/application
  Rendered users/show.html.erb within layouts/application (1.5ms)
Completed 200 OK in 32ms (Views: 20.0ms | ActiveRecord: 0.4ms)


Started GET "/users/1/" for 127.0.0.1 at 2017-02-20 18:13:38 +0000
Processing by UsersController#show as HTML
  Parameters: {"id"=>"1"}
  [1m[36mUser Load (0.2ms)[0m  [1m[34mSELECT  "users".* FROM "users" WHERE "users"."id" = ? LIMIT ?[0m  [["id", 1], ["LIMIT", 1]]
  Rendering users/show.html.erb within layouts/application
  [1m[36mMicropost Load (0.3ms)[0m  [1m[34mSELECT  "microposts".* FROM "microposts" WHERE "microposts"."user_id" = ? ORDER BY "microposts"."id" ASC LIMIT ?[0m  [["user_id", 1], ["LIMIT", 1]]
  Rendered users/show.html.erb within layouts/application (3.2ms)
Completed 200 OK in 25ms (Views: 23.0ms | ActiveRecord: 0.5ms)


Started GET "/users/1/" for 127.0.0.1 at 2017-02-20 18:13:38 +0000
Processing by UsersController#show as HTML
  Parameters: {"id"=>"1"}
  [1m[36mUser Load (0.1ms)[0m  [1m[34mSELECT  "users".* FROM "users" WHERE "users"."id" = ? LIMIT ?[0m  [["id", 1], ["LIMIT", 1]]
  Rendering users/show.html.erb within layouts/application
  [1m[36mMicropost Load (0.2ms)[0m  [1m[34mSELECT  "microposts".* FROM "microposts" WHERE "microposts"."user_id" = ? ORDER BY "microposts"."id" ASC LIMIT ?[0m  [["user_id", 1], ["LIMIT", 1]]
  Rendered users/show.html.erb within layouts/application (2.8ms)
Completed 200 OK in 24ms (Views: 21.9ms | ActiveRecord: 0.3ms)


Started GET "/users/1/" for 127.0.0.1 at 2017-02-20 18:13:39 +0000
Processing by UsersController#show as HTML
  Parameters: {"id"=>"1"}
  [1m[36mUser Load (0.2ms)[0m  [1m[34mSELECT  "users".* FROM "users" WHERE "users"."id" = ? LIMIT ?[0m  [["id", 1], ["LIMIT", 1]]
  Rendering users/show.html.erb within layouts/application
  [1m[36mMicropost Load (0.2ms)[0m  [1m[34mSELECT  "microposts".* FROM "microposts" WHERE "microposts"."user_id" = ? ORDER BY "microposts"."id" ASC LIMIT ?[0m  [["user_id", 1], ["LIMIT", 1]]
  Rendered users/show.html.erb within layouts/application (2.9ms)
Completed 200 OK in 25ms (Views: 22.2ms | ActiveRecord: 0.4ms)


Started GET "/users/1/" for 127.0.0.1 at 2017-02-20 18:13:39 +0000
Processing by UsersController#show as HTML
  Parameters: {"id"=>"1"}
  [1m[36mUser Load (0.4ms)[0m  [1m[34mSELECT  "users".* FROM "users" WHERE "users"."id" = ? LIMIT ?[0m  [["id", 1], ["LIMIT", 1]]
  Rendering users/show.html.erb within layouts/application
  [1m[36mMicropost Load (0.2ms)[0m  [1m[34mSELECT  "microposts".* FROM "microposts" WHERE "microposts"."user_id" = ? ORDER BY "microposts"."id" ASC LIMIT ?[0m  [["user_id", 1], ["LIMIT", 1]]
  Rendered users/show.html.erb within layouts/application (3.1ms)
Completed 200 OK in 27ms (Views: 24.7ms | ActiveRecord: 0.6ms)


Started GET "/users/1/" for 127.0.0.1 at 2017-02-20 18:13:54 +0000
Processing by UsersController#show as HTML
  Parameters: {"id"=>"1"}
  [1m[36mUser Load (0.1ms)[0m  [1m[34mSELECT  "users".* FROM "users" WHERE "users"."id" = ? LIMIT ?[0m  [["id", 1], ["LIMIT", 1]]
  Rendering users/show.html.erb within layouts/application
  Rendered users/show.html.erb within layouts/application (2.0ms)
Completed 500 Internal Server Error in 5ms (ActiveRecord: 0.1ms)


  
ActionView::Template::Error (undefined method `micropost' for #<User:0x007f29cc611f50>):
    12: 
    13: <p>
    14:   <strong>User's first micropost:</strong>
    15:   <%= @user.micropost %>
    16: </p>
    17: 
    18: <%= link_to 'Edit', edit_user_path(@user) %> |
  
app/views/users/show.html.erb:15:in `_app_views_users_show_html_erb__1711186396922631513_69908749648520'
  Rendering /home/wiremaze/.rvm/gems/ruby-2.2.5/gems/actionpack-5.0.1/lib/action_dispatch/middleware/templates/rescues/template_error.html.erb within rescues/layout
  Rendering /home/wiremaze/.rvm/gems/ruby-2.2.5/gems/actionpack-5.0.1/lib/action_dispatch/middleware/templates/rescues/_source.html.erb
  Rendered /home/wiremaze/.rvm/gems/ruby-2.2.5/gems/actionpack-5.0.1/lib/action_dispatch/middleware/templates/rescues/_source.html.erb (8.7ms)
  Rendering /home/wiremaze/.rvm/gems/ruby-2.2.5/gems/actionpack-5.0.1/lib/action_dispatch/middleware/templates/rescues/_trace.html.erb
  Rendered /home/wiremaze/.rvm/gems/ruby-2.2.5/gems/actionpack-5.0.1/lib/action_dispatch/middleware/templates/rescues/_trace.html.erb (3.3ms)
  Rendering /home/wiremaze/.rvm/gems/ruby-2.2.5/gems/actionpack-5.0.1/lib/action_dispatch/middleware/templates/rescues/_request_and_response.html.erb
  Rendered /home/wiremaze/.rvm/gems/ruby-2.2.5/gems/actionpack-5.0.1/lib/action_dispatch/middleware/templates/rescues/_request_and_response.html.erb (0.9ms)
  Rendered /home/wiremaze/.rvm/gems/ruby-2.2.5/gems/actionpack-5.0.1/lib/action_dispatch/middleware/templates/rescues/template_error.html.erb within rescues/layout (28.7ms)
  Rendering /home/wiremaze/.rvm/gems/ruby-2.2.5/gems/web-console-3.1.1/lib/web_console/templates/index.html.erb
  Rendered /home/wiremaze/.rvm/gems/ruby-2.2.5/gems/web-console-3.1.1/lib/web_console/templates/_markup.html.erb (0.3ms)
  Rendering /home/wiremaze/.rvm/gems/ruby-2.2.5/gems/web-console-3.1.1/lib/web_console/templates/console.js.erb within layouts/javascript
  Rendering /home/wiremaze/.rvm/gems/ruby-2.2.5/gems/web-console-3.1.1/lib/web_console/templates/_inner_console_markup.html.erb within layouts/inlined_string
  Rendered /home/wiremaze/.rvm/gems/ruby-2.2.5/gems/web-console-3.1.1/lib/web_console/templates/_inner_console_markup.html.erb within layouts/inlined_string (0.3ms)
  Rendering /home/wiremaze/.rvm/gems/ruby-2.2.5/gems/web-console-3.1.1/lib/web_console/templates/_prompt_box_markup.html.erb within layouts/inlined_string
  Rendered /home/wiremaze/.rvm/gems/ruby-2.2.5/gems/web-console-3.1.1/lib/web_console/templates/_prompt_box_markup.html.erb within layouts/inlined_string (0.2ms)
  Rendering /home/wiremaze/.rvm/gems/ruby-2.2.5/gems/web-console-3.1.1/lib/web_console/templates/style.css.erb within layouts/inlined_string
  Rendered /home/wiremaze/.rvm/gems/ruby-2.2.5/gems/web-console-3.1.1/lib/web_console/templates/style.css.erb within layouts/inlined_string (0.3ms)
  Rendered /home/wiremaze/.rvm/gems/ruby-2.2.5/gems/web-console-3.1.1/lib/web_console/templates/console.js.erb within layouts/javascript (18.1ms)
  Rendering /home/wiremaze/.rvm/gems/ruby-2.2.5/gems/web-console-3.1.1/lib/web_console/templates/main.js.erb within layouts/javascript
  Rendered /home/wiremaze/.rvm/gems/ruby-2.2.5/gems/web-console-3.1.1/lib/web_console/templates/main.js.erb within layouts/javascript (0.2ms)
  Rendered /home/wiremaze/.rvm/gems/ruby-2.2.5/gems/web-console-3.1.1/lib/web_console/templates/index.html.erb (31.5ms)
Started GET "/microposts" for 127.0.0.1 at 2017-02-20 18:16:39 +0000
Processing by MicropostsController#index as HTML
  Rendering microposts/index.html.erb within layouts/application
  [1m[36mMicropost Load (0.2ms)[0m  [1m[34mSELECT "microposts".* FROM "microposts"[0m
  Rendered microposts/index.html.erb within layouts/application (6.7ms)
Completed 200 OK in 31ms (Views: 29.4ms | ActiveRecord: 0.2ms)


Started GET "/users/1/" for 127.0.0.1 at 2017-02-20 18:16:45 +0000
Processing by UsersController#show as HTML
  Parameters: {"id"=>"1"}
  [1m[36mUser Load (0.3ms)[0m  [1m[34mSELECT  "users".* FROM "users" WHERE "users"."id" = ? LIMIT ?[0m  [["id", 1], ["LIMIT", 1]]
  Rendering users/show.html.erb within layouts/application
  Rendered users/show.html.erb within layouts/application (2.2ms)
Completed 500 Internal Server Error in 6ms (ActiveRecord: 0.3ms)


  
ActionView::Template::Error (undefined method `micropost' for #<User:0x007f29c610b0c0>):
    12: 
    13: <p>
    14:   <strong>User's first micropost:</strong>
    15:   <%= @user.micropost.first.content %>
    16: </p>
    17: 
    18: <%= link_to 'Edit', edit_user_path(@user) %> |
  
app/views/users/show.html.erb:15:in `_app_views_users_show_html_erb__1711186396922631513_69908696681980'
  Rendering /home/wiremaze/.rvm/gems/ruby-2.2.5/gems/actionpack-5.0.1/lib/action_dispatch/middleware/templates/rescues/template_error.html.erb within rescues/layout
  Rendering /home/wiremaze/.rvm/gems/ruby-2.2.5/gems/actionpack-5.0.1/lib/action_dispatch/middleware/templates/rescues/_source.html.erb
  Rendered /home/wiremaze/.rvm/gems/ruby-2.2.5/gems/actionpack-5.0.1/lib/action_dispatch/middleware/templates/rescues/_source.html.erb (8.5ms)
  Rendering /home/wiremaze/.rvm/gems/ruby-2.2.5/gems/actionpack-5.0.1/lib/action_dispatch/middleware/templates/rescues/_trace.html.erb
  Rendered /home/wiremaze/.rvm/gems/ruby-2.2.5/gems/actionpack-5.0.1/lib/action_dispatch/middleware/templates/rescues/_trace.html.erb (3.3ms)
  Rendering /home/wiremaze/.rvm/gems/ruby-2.2.5/gems/actionpack-5.0.1/lib/action_dispatch/middleware/templates/rescues/_request_and_response.html.erb
  Rendered /home/wiremaze/.rvm/gems/ruby-2.2.5/gems/actionpack-5.0.1/lib/action_dispatch/middleware/templates/rescues/_request_and_response.html.erb (0.9ms)
  Rendered /home/wiremaze/.rvm/gems/ruby-2.2.5/gems/actionpack-5.0.1/lib/action_dispatch/middleware/templates/rescues/template_error.html.erb within rescues/layout (28.4ms)
  Rendering /home/wiremaze/.rvm/gems/ruby-2.2.5/gems/web-console-3.1.1/lib/web_console/templates/index.html.erb
  Rendered /home/wiremaze/.rvm/gems/ruby-2.2.5/gems/web-console-3.1.1/lib/web_console/templates/_markup.html.erb (0.3ms)
  Rendering /home/wiremaze/.rvm/gems/ruby-2.2.5/gems/web-console-3.1.1/lib/web_console/templates/console.js.erb within layouts/javascript
  Rendering /home/wiremaze/.rvm/gems/ruby-2.2.5/gems/web-console-3.1.1/lib/web_console/templates/_inner_console_markup.html.erb within layouts/inlined_string
  Rendered /home/wiremaze/.rvm/gems/ruby-2.2.5/gems/web-console-3.1.1/lib/web_console/templates/_inner_console_markup.html.erb within layouts/inlined_string (0.2ms)
  Rendering /home/wiremaze/.rvm/gems/ruby-2.2.5/gems/web-console-3.1.1/lib/web_console/templates/_prompt_box_markup.html.erb within layouts/inlined_string
  Rendered /home/wiremaze/.rvm/gems/ruby-2.2.5/gems/web-console-3.1.1/lib/web_console/templates/_prompt_box_markup.html.erb within layouts/inlined_string (0.2ms)
  Rendering /home/wiremaze/.rvm/gems/ruby-2.2.5/gems/web-console-3.1.1/lib/web_console/templates/style.css.erb within layouts/inlined_string
  Rendered /home/wiremaze/.rvm/gems/ruby-2.2.5/gems/web-console-3.1.1/lib/web_console/templates/style.css.erb within layouts/inlined_string (0.3ms)
  Rendered /home/wiremaze/.rvm/gems/ruby-2.2.5/gems/web-console-3.1.1/lib/web_console/templates/console.js.erb within layouts/javascript (17.9ms)
  Rendering /home/wiremaze/.rvm/gems/ruby-2.2.5/gems/web-console-3.1.1/lib/web_console/templates/main.js.erb within layouts/javascript
  Rendered /home/wiremaze/.rvm/gems/ruby-2.2.5/gems/web-console-3.1.1/lib/web_console/templates/main.js.erb within layouts/javascript (0.2ms)
  Rendered /home/wiremaze/.rvm/gems/ruby-2.2.5/gems/web-console-3.1.1/lib/web_console/templates/index.html.erb (31.3ms)
Started GET "/users/1/" for 127.0.0.1 at 2017-02-20 18:16:56 +0000
Processing by UsersController#show as HTML
  Parameters: {"id"=>"1"}
  [1m[36mUser Load (0.2ms)[0m  [1m[34mSELECT  "users".* FROM "users" WHERE "users"."id" = ? LIMIT ?[0m  [["id", 1], ["LIMIT", 1]]
  Rendering users/show.html.erb within layouts/application
  [1m[36mMicropost Load (0.2ms)[0m  [1m[34mSELECT  "microposts".* FROM "microposts" WHERE "microposts"."user_id" = ? ORDER BY "microposts"."id" ASC LIMIT ?[0m  [["user_id", 1], ["LIMIT", 1]]
  Rendered users/show.html.erb within layouts/application (4.2ms)
Completed 200 OK in 25ms (Views: 23.2ms | ActiveRecord: 0.4ms)


Started GET "/users/1/" for 127.0.0.1 at 2017-02-20 18:16:57 +0000
Processing by UsersController#show as HTML
  Parameters: {"id"=>"1"}
  [1m[36mUser Load (0.1ms)[0m  [1m[34mSELECT  "users".* FROM "users" WHERE "users"."id" = ? LIMIT ?[0m  [["id", 1], ["LIMIT", 1]]
  Rendering users/show.html.erb within layouts/application
  [1m[36mMicropost Load (0.2ms)[0m  [1m[34mSELECT  "microposts".* FROM "microposts" WHERE "microposts"."user_id" = ? ORDER BY "microposts"."id" ASC LIMIT ?[0m  [["user_id", 1], ["LIMIT", 1]]
  Rendered users/show.html.erb within layouts/application (3.2ms)
Completed 200 OK in 25ms (Views: 23.1ms | ActiveRecord: 0.3ms)


Started GET "/users/1/" for 127.0.0.1 at 2017-02-20 18:16:58 +0000
Processing by UsersController#show as HTML
  Parameters: {"id"=>"1"}
  [1m[36mUser Load (0.4ms)[0m  [1m[34mSELECT  "users".* FROM "users" WHERE "users"."id" = ? LIMIT ?[0m  [["id", 1], ["LIMIT", 1]]
  Rendering users/show.html.erb within layouts/application
  [1m[36mMicropost Load (0.2ms)[0m  [1m[34mSELECT  "microposts".* FROM "microposts" WHERE "microposts"."user_id" = ? ORDER BY "microposts"."id" ASC LIMIT ?[0m  [["user_id", 1], ["LIMIT", 1]]
  Rendered users/show.html.erb within layouts/application (3.5ms)
Completed 200 OK in 27ms (Views: 25.0ms | ActiveRecord: 0.6ms)


Started GET "/users/1/" for 127.0.0.1 at 2017-02-20 18:16:58 +0000
Processing by UsersController#show as HTML
  Parameters: {"id"=>"1"}
  [1m[36mUser Load (0.2ms)[0m  [1m[34mSELECT  "users".* FROM "users" WHERE "users"."id" = ? LIMIT ?[0m  [["id", 1], ["LIMIT", 1]]
  Rendering users/show.html.erb within layouts/application
  [1m[36mMicropost Load (0.2ms)[0m  [1m[34mSELECT  "microposts".* FROM "microposts" WHERE "microposts"."user_id" = ? ORDER BY "microposts"."id" ASC LIMIT ?[0m  [["user_id", 1], ["LIMIT", 1]]
  Rendered users/show.html.erb within layouts/application (3.0ms)
Completed 200 OK in 30ms (Views: 28.1ms | ActiveRecord: 0.4ms)


Started GET "/users/1/" for 127.0.0.1 at 2017-02-20 18:16:58 +0000
Processing by UsersController#show as HTML
  Parameters: {"id"=>"1"}
  [1m[36mUser Load (0.1ms)[0m  [1m[34mSELECT  "users".* FROM "users" WHERE "users"."id" = ? LIMIT ?[0m  [["id", 1], ["LIMIT", 1]]
  Rendering users/show.html.erb within layouts/application
  [1m[36mMicropost Load (0.2ms)[0m  [1m[34mSELECT  "microposts".* FROM "microposts" WHERE "microposts"."user_id" = ? ORDER BY "microposts"."id" ASC LIMIT ?[0m  [["user_id", 1], ["LIMIT", 1]]
  Rendered users/show.html.erb within layouts/application (3.2ms)
Completed 200 OK in 25ms (Views: 22.7ms | ActiveRecord: 0.3ms)


Started GET "/users/1/" for 127.0.0.1 at 2017-02-20 18:18:09 +0000
Processing by UsersController#show as HTML
  Parameters: {"id"=>"1"}
  [1m[36mUser Load (0.2ms)[0m  [1m[34mSELECT  "users".* FROM "users" WHERE "users"."id" = ? LIMIT ?[0m  [["id", 1], ["LIMIT", 1]]
  Rendering users/show.html.erb within layouts/application
  [1m[36mMicropost Load (0.1ms)[0m  [1m[34mSELECT  "microposts".* FROM "microposts" WHERE "microposts"."user_id" = ? ORDER BY "microposts"."id" ASC LIMIT ?[0m  [["user_id", 1], ["LIMIT", 1]]
  Rendered users/show.html.erb within layouts/application (11.4ms)
Completed 200 OK in 41ms (Views: 30.2ms | ActiveRecord: 1.5ms)


Started GET "/users" for 127.0.0.1 at 2017-02-20 18:18:11 +0000
Processing by UsersController#index as HTML
  Rendering users/index.html.erb within layouts/application
  [1m[36mUser Load (0.2ms)[0m  [1m[34mSELECT "users".* FROM "users"[0m
  Rendered users/index.html.erb within layouts/application (3.0ms)
Completed 200 OK in 27ms (Views: 25.4ms | ActiveRecord: 0.2ms)


Started GET "/microposts" for 127.0.0.1 at 2017-02-20 18:18:15 +0000
Processing by MicropostsController#index as HTML
  Rendering microposts/index.html.erb within layouts/application
  [1m[36mMicropost Load (0.4ms)[0m  [1m[34mSELECT "microposts".* FROM "microposts"[0m
  Rendered microposts/index.html.erb within layouts/application (3.1ms)
Completed 200 OK in 35ms (Views: 33.5ms | ActiveRecord: 0.4ms)


Started GET "/microposts/new" for 127.0.0.1 at 2017-02-20 18:18:17 +0000
Processing by MicropostsController#new as HTML
  Rendering microposts/new.html.erb within layouts/application
  Rendered microposts/_form.html.erb (3.5ms)
  Rendered microposts/new.html.erb within layouts/application (5.0ms)
Completed 200 OK in 26ms (Views: 24.7ms | ActiveRecord: 0.0ms)


Started POST "/microposts" for 127.0.0.1 at 2017-02-20 18:18:18 +0000
Processing by MicropostsController#create as HTML
  Parameters: {"utf8"=>"✓", "authenticity_token"=>"2RE7IBEvf1gjIAssR7CEpwaw3YUo3gqxk3cy9kcNd9Tc+37eTJZ18jbnx+5n+fQZNGTzvG/uFTWV9ZV2nr9mtQ==", "micropost"=>{"content"=>"", "user_id"=>"1"}, "commit"=>"Create Micropost"}
  [1m[35m (0.3ms)[0m  [1m[36mbegin transaction[0m
  [1m[36mUser Load (0.2ms)[0m  [1m[34mSELECT  "users".* FROM "users" WHERE "users"."id" = ? LIMIT ?[0m  [["id", 1], ["LIMIT", 1]]
  [1m[35m (0.1ms)[0m  [1m[31mrollback transaction[0m
  Rendering microposts/new.html.erb within layouts/application
  Rendered microposts/_form.html.erb (2.6ms)
  Rendered microposts/new.html.erb within layouts/application (3.6ms)
Completed 200 OK in 34ms (Views: 26.6ms | ActiveRecord: 0.6ms)


Started GET "/users" for 127.0.0.1 at 2017-02-20 18:20:16 +0000
Processing by UsersController#index as HTML
Completed 500 Internal Server Error in 4ms (ActiveRecord: 0.0ms)


  
NoMethodError (undefined method `name' for :user:Symbol):
  
app/models/user.rb:3:in `<class:User>'
app/models/user.rb:1:in `<top (required)>'
app/controllers/users_controller.rb:7:in `index'
  Rendering /home/wiremaze/.rvm/gems/ruby-2.2.5/gems/actionpack-5.0.1/lib/action_dispatch/middleware/templates/rescues/diagnostics.html.erb within rescues/layout
  Rendering /home/wiremaze/.rvm/gems/ruby-2.2.5/gems/actionpack-5.0.1/lib/action_dispatch/middleware/templates/rescues/_source.html.erb
  Rendered /home/wiremaze/.rvm/gems/ruby-2.2.5/gems/actionpack-5.0.1/lib/action_dispatch/middleware/templates/rescues/_source.html.erb (7.2ms)
  Rendering /home/wiremaze/.rvm/gems/ruby-2.2.5/gems/actionpack-5.0.1/lib/action_dispatch/middleware/templates/rescues/_trace.html.erb
  Rendered /home/wiremaze/.rvm/gems/ruby-2.2.5/gems/actionpack-5.0.1/lib/action_dispatch/middleware/templates/rescues/_trace.html.erb (3.2ms)
  Rendering /home/wiremaze/.rvm/gems/ruby-2.2.5/gems/actionpack-5.0.1/lib/action_dispatch/middleware/templates/rescues/_request_and_response.html.erb
  Rendered /home/wiremaze/.rvm/gems/ruby-2.2.5/gems/actionpack-5.0.1/lib/action_dispatch/middleware/templates/rescues/_request_and_response.html.erb (0.8ms)
  Rendered /home/wiremaze/.rvm/gems/ruby-2.2.5/gems/actionpack-5.0.1/lib/action_dispatch/middleware/templates/rescues/diagnostics.html.erb within rescues/layout (27.1ms)
  Rendering /home/wiremaze/.rvm/gems/ruby-2.2.5/gems/web-console-3.1.1/lib/web_console/templates/index.html.erb
  Rendered /home/wiremaze/.rvm/gems/ruby-2.2.5/gems/web-console-3.1.1/lib/web_console/templates/_markup.html.erb (0.3ms)
  Rendering /home/wiremaze/.rvm/gems/ruby-2.2.5/gems/web-console-3.1.1/lib/web_console/templates/console.js.erb within layouts/javascript
  Rendering /home/wiremaze/.rvm/gems/ruby-2.2.5/gems/web-console-3.1.1/lib/web_console/templates/_inner_console_markup.html.erb within layouts/inlined_string
  Rendered /home/wiremaze/.rvm/gems/ruby-2.2.5/gems/web-console-3.1.1/lib/web_console/templates/_inner_console_markup.html.erb within layouts/inlined_string (0.2ms)
  Rendering /home/wiremaze/.rvm/gems/ruby-2.2.5/gems/web-console-3.1.1/lib/web_console/templates/_prompt_box_markup.html.erb within layouts/inlined_string
  Rendered /home/wiremaze/.rvm/gems/ruby-2.2.5/gems/web-console-3.1.1/lib/web_console/templates/_prompt_box_markup.html.erb within layouts/inlined_string (0.3ms)
  Rendering /home/wiremaze/.rvm/gems/ruby-2.2.5/gems/web-console-3.1.1/lib/web_console/templates/style.css.erb within layouts/inlined_string
  Rendered /home/wiremaze/.rvm/gems/ruby-2.2.5/gems/web-console-3.1.1/lib/web_console/templates/style.css.erb within layouts/inlined_string (2.2ms)
  Rendered /home/wiremaze/.rvm/gems/ruby-2.2.5/gems/web-console-3.1.1/lib/web_console/templates/console.js.erb within layouts/javascript (20.0ms)
  Rendering /home/wiremaze/.rvm/gems/ruby-2.2.5/gems/web-console-3.1.1/lib/web_console/templates/main.js.erb within layouts/javascript
  Rendered /home/wiremaze/.rvm/gems/ruby-2.2.5/gems/web-console-3.1.1/lib/web_console/templates/main.js.erb within layouts/javascript (0.2ms)
  Rendered /home/wiremaze/.rvm/gems/ruby-2.2.5/gems/web-console-3.1.1/lib/web_console/templates/index.html.erb (33.4ms)
Started GET "/users" for 127.0.0.1 at 2017-02-20 18:20:37 +0000
Processing by UsersController#index as HTML
Completed 500 Internal Server Error in 6ms (ActiveRecord: 0.5ms)


  
NoMethodError (undefined method `email' for #<Class:0x00000003f6c338>):
  
app/models/user.rb:4:in `<class:User>'
app/models/user.rb:1:in `<top (required)>'
app/controllers/users_controller.rb:7:in `index'
  Rendering /home/wiremaze/.rvm/gems/ruby-2.2.5/gems/actionpack-5.0.1/lib/action_dispatch/middleware/templates/rescues/diagnostics.html.erb within rescues/layout
  Rendering /home/wiremaze/.rvm/gems/ruby-2.2.5/gems/actionpack-5.0.1/lib/action_dispatch/middleware/templates/rescues/_source.html.erb
  Rendered /home/wiremaze/.rvm/gems/ruby-2.2.5/gems/actionpack-5.0.1/lib/action_dispatch/middleware/templates/rescues/_source.html.erb (7.1ms)
  Rendering /home/wiremaze/.rvm/gems/ruby-2.2.5/gems/actionpack-5.0.1/lib/action_dispatch/middleware/templates/rescues/_trace.html.erb
  Rendered /home/wiremaze/.rvm/gems/ruby-2.2.5/gems/actionpack-5.0.1/lib/action_dispatch/middleware/templates/rescues/_trace.html.erb (3.2ms)
  Rendering /home/wiremaze/.rvm/gems/ruby-2.2.5/gems/actionpack-5.0.1/lib/action_dispatch/middleware/templates/rescues/_request_and_response.html.erb
  Rendered /home/wiremaze/.rvm/gems/ruby-2.2.5/gems/actionpack-5.0.1/lib/action_dispatch/middleware/templates/rescues/_request_and_response.html.erb (0.8ms)
  Rendered /home/wiremaze/.rvm/gems/ruby-2.2.5/gems/actionpack-5.0.1/lib/action_dispatch/middleware/templates/rescues/diagnostics.html.erb within rescues/layout (27.2ms)
  Rendering /home/wiremaze/.rvm/gems/ruby-2.2.5/gems/web-console-3.1.1/lib/web_console/templates/index.html.erb
  Rendered /home/wiremaze/.rvm/gems/ruby-2.2.5/gems/web-console-3.1.1/lib/web_console/templates/_markup.html.erb (0.3ms)
  Rendering /home/wiremaze/.rvm/gems/ruby-2.2.5/gems/web-console-3.1.1/lib/web_console/templates/console.js.erb within layouts/javascript
  Rendering /home/wiremaze/.rvm/gems/ruby-2.2.5/gems/web-console-3.1.1/lib/web_console/templates/_inner_console_markup.html.erb within layouts/inlined_string
  Rendered /home/wiremaze/.rvm/gems/ruby-2.2.5/gems/web-console-3.1.1/lib/web_console/templates/_inner_console_markup.html.erb within layouts/inlined_string (0.3ms)
  Rendering /home/wiremaze/.rvm/gems/ruby-2.2.5/gems/web-console-3.1.1/lib/web_console/templates/_prompt_box_markup.html.erb within layouts/inlined_string
  Rendered /home/wiremaze/.rvm/gems/ruby-2.2.5/gems/web-console-3.1.1/lib/web_console/templates/_prompt_box_markup.html.erb within layouts/inlined_string (0.2ms)
  Rendering /home/wiremaze/.rvm/gems/ruby-2.2.5/gems/web-console-3.1.1/lib/web_console/templates/style.css.erb within layouts/inlined_string
  Rendered /home/wiremaze/.rvm/gems/ruby-2.2.5/gems/web-console-3.1.1/lib/web_console/templates/style.css.erb within layouts/inlined_string (0.3ms)
  Rendered /home/wiremaze/.rvm/gems/ruby-2.2.5/gems/web-console-3.1.1/lib/web_console/templates/console.js.erb within layouts/javascript (18.0ms)
  Rendering /home/wiremaze/.rvm/gems/ruby-2.2.5/gems/web-console-3.1.1/lib/web_console/templates/main.js.erb within layouts/javascript
  Rendered /home/wiremaze/.rvm/gems/ruby-2.2.5/gems/web-console-3.1.1/lib/web_console/templates/main.js.erb within layouts/javascript (0.2ms)
  Rendered /home/wiremaze/.rvm/gems/ruby-2.2.5/gems/web-console-3.1.1/lib/web_console/templates/index.html.erb (31.4ms)
Started GET "/users" for 127.0.0.1 at 2017-02-20 18:20:52 +0000
Processing by UsersController#index as HTML
Completed 500 Internal Server Error in 5ms (ActiveRecord: 0.0ms)


  
NoMethodError (undefined method `email' for #<Class:0x007f29d01df118>):
  
app/models/user.rb:4:in `<class:User>'
app/models/user.rb:1:in `<top (required)>'
app/controllers/users_controller.rb:7:in `index'
  Rendering /home/wiremaze/.rvm/gems/ruby-2.2.5/gems/actionpack-5.0.1/lib/action_dispatch/middleware/templates/rescues/diagnostics.html.erb within rescues/layout
  Rendering /home/wiremaze/.rvm/gems/ruby-2.2.5/gems/actionpack-5.0.1/lib/action_dispatch/middleware/templates/rescues/_source.html.erb
  Rendered /home/wiremaze/.rvm/gems/ruby-2.2.5/gems/actionpack-5.0.1/lib/action_dispatch/middleware/templates/rescues/_source.html.erb (7.1ms)
  Rendering /home/wiremaze/.rvm/gems/ruby-2.2.5/gems/actionpack-5.0.1/lib/action_dispatch/middleware/templates/rescues/_trace.html.erb
  Rendered /home/wiremaze/.rvm/gems/ruby-2.2.5/gems/actionpack-5.0.1/lib/action_dispatch/middleware/templates/rescues/_trace.html.erb (2.8ms)
  Rendering /home/wiremaze/.rvm/gems/ruby-2.2.5/gems/actionpack-5.0.1/lib/action_dispatch/middleware/templates/rescues/_request_and_response.html.erb
  Rendered /home/wiremaze/.rvm/gems/ruby-2.2.5/gems/actionpack-5.0.1/lib/action_dispatch/middleware/templates/rescues/_request_and_response.html.erb (0.7ms)
  Rendered /home/wiremaze/.rvm/gems/ruby-2.2.5/gems/actionpack-5.0.1/lib/action_dispatch/middleware/templates/rescues/diagnostics.html.erb within rescues/layout (26.5ms)
  Rendering /home/wiremaze/.rvm/gems/ruby-2.2.5/gems/web-console-3.1.1/lib/web_console/templates/index.html.erb
  Rendered /home/wiremaze/.rvm/gems/ruby-2.2.5/gems/web-console-3.1.1/lib/web_console/templates/_markup.html.erb (0.3ms)
  Rendering /home/wiremaze/.rvm/gems/ruby-2.2.5/gems/web-console-3.1.1/lib/web_console/templates/console.js.erb within layouts/javascript
  Rendering /home/wiremaze/.rvm/gems/ruby-2.2.5/gems/web-console-3.1.1/lib/web_console/templates/_inner_console_markup.html.erb within layouts/inlined_string
  Rendered /home/wiremaze/.rvm/gems/ruby-2.2.5/gems/web-console-3.1.1/lib/web_console/templates/_inner_console_markup.html.erb within layouts/inlined_string (0.3ms)
  Rendering /home/wiremaze/.rvm/gems/ruby-2.2.5/gems/web-console-3.1.1/lib/web_console/templates/_prompt_box_markup.html.erb within layouts/inlined_string
  Rendered /home/wiremaze/.rvm/gems/ruby-2.2.5/gems/web-console-3.1.1/lib/web_console/templates/_prompt_box_markup.html.erb within layouts/inlined_string (0.2ms)
  Rendering /home/wiremaze/.rvm/gems/ruby-2.2.5/gems/web-console-3.1.1/lib/web_console/templates/style.css.erb within layouts/inlined_string
  Rendered /home/wiremaze/.rvm/gems/ruby-2.2.5/gems/web-console-3.1.1/lib/web_console/templates/style.css.erb within layouts/inlined_string (0.2ms)
  Rendered /home/wiremaze/.rvm/gems/ruby-2.2.5/gems/web-console-3.1.1/lib/web_console/templates/console.js.erb within layouts/javascript (17.7ms)
  Rendering /home/wiremaze/.rvm/gems/ruby-2.2.5/gems/web-console-3.1.1/lib/web_console/templates/main.js.erb within layouts/javascript
  Rendered /home/wiremaze/.rvm/gems/ruby-2.2.5/gems/web-console-3.1.1/lib/web_console/templates/main.js.erb within layouts/javascript (0.2ms)
  Rendered /home/wiremaze/.rvm/gems/ruby-2.2.5/gems/web-console-3.1.1/lib/web_console/templates/index.html.erb (31.0ms)
Started GET "/users" for 127.0.0.1 at 2017-02-20 18:21:24 +0000
Processing by UsersController#index as HTML
  Rendering users/index.html.erb within layouts/application
  [1m[36mUser Load (0.3ms)[0m  [1m[34mSELECT "users".* FROM "users"[0m
  Rendered users/index.html.erb within layouts/application (7.0ms)
Completed 200 OK in 30ms (Views: 24.8ms | ActiveRecord: 0.8ms)


Started GET "/users/new" for 127.0.0.1 at 2017-02-20 18:21:26 +0000
Processing by UsersController#new as HTML
  Rendering users/new.html.erb within layouts/application
  Rendered users/_form.html.erb (2.3ms)
  Rendered users/new.html.erb within layouts/application (3.5ms)
Completed 200 OK in 24ms (Views: 23.0ms | ActiveRecord: 0.0ms)


Started POST "/users" for 127.0.0.1 at 2017-02-20 18:21:27 +0000
Processing by UsersController#create as HTML
  Parameters: {"utf8"=>"✓", "authenticity_token"=>"m/X6q/BxYQYnlBB41OFf90ZJbFCC2Sjtt/aOkw1Tcb3y6dgkNITqOk4682hB0KYXshCZctCVnA9xoo2Z3vBs0w==", "user"=>{"name"=>"", "email"=>""}, "commit"=>"Create User"}
  [1m[35m (0.1ms)[0m  [1m[36mbegin transaction[0m
  [1m[35m (0.1ms)[0m  [1m[31mrollback transaction[0m
  Rendering users/new.html.erb within layouts/application
  Rendered users/_form.html.erb (3.4ms)
  Rendered users/new.html.erb within layouts/application (4.7ms)
Completed 200 OK in 28ms (Views: 24.0ms | ActiveRecord: 0.2ms)


